# JRE version: OpenJDK Runtime Environment Temurin-17.0.10+7 (17.0.10+7) (build 17.0.10+7)
# Java VM: OpenJDK 64-Bit Server VM Temurin-17.0.10+7 (17.0.10+7, mixed mode, tiered, compressed oops, compressed class ptrs, parallel gc, windows-amd64)
GC Precious Log:
 CPUs: 16 total, 16 available
 Memory: 16085M
 Large Page Support: Disabled
 NUMA Support: Disabled
 Compressed Oops: Enabled (32-bit)
 Alignments: Space 512K, Generation 512K, Heap 2M
 Heap Min Capacity: 100M
 Heap Initial Capacity: 100M
 Heap Max Capacity: 1G
 Pre-touch: Disabled
 Parallel Workers: 13
Heap:
 PSYoungGen      total 14336K, used 8424K [0x00000000eab00000, 0x00000000ebc80000, 0x0000000100000000)
  eden space 11264K, 50% used [0x00000000eab00000,0x00000000eb0889e8,0x00000000eb600000)
  from space 3072K, 91% used [0x00000000eb600000,0x00000000eb8beeb0,0x00000000eb900000)
  to   space 2048K, 0% used [0x00000000eba80000,0x00000000eba80000,0x00000000ebc80000)
 ParOldGen       total 699392K, used 132013K [0x00000000c0000000, 0x00000000eab00000, 0x00000000eab00000)
  object space 699392K, 18% used [0x00000000c0000000,0x00000000c80eb408,0x00000000eab00000)
 Metaspace       used 54153K, committed 55168K, reserved 1114112K
  class space    used 5817K, committed 6272K, reserved 1048576K
GC Heap History (20 events):
Event: 65.696 GC heap before
{Heap before GC invocations=1980 (full 1931):
 PSYoungGen      total 13312K, used 11264K [0x00000000eab00000, 0x00000000ebc80000, 0x0000000100000000)
  eden space 11264K, 100% used [0x00000000eab00000,0x00000000eb600000,0x00000000eb600000)
  from space 2048K, 0% used [0x00000000eba80000,0x00000000eba80000,0x00000000ebc80000)
  to   space 3072K, 0% used [0x00000000eb600000,0x00000000eb600000,0x00000000eb900000)
 ParOldGen       total 120320K, used 120314K [0x00000000c0000000, 0x00000000c7580000, 0x00000000eab00000)
  object space 120320K, 99% used [0x00000000c0000000,0x00000000c757e828,0x00000000c7580000)
 Metaspace       used 54114K, committed 55168K, reserved 1114112K
  class space    used 5817K, committed 6272K, reserved 1048576K
}
Event: 65.727 GC heap after
{Heap after GC invocations=1980 (full 1931):
 PSYoungGen      total 14336K, used 11264K [0x00000000eab00000, 0x00000000ebc80000, 0x0000000100000000)
  eden space 11264K, 100% used [0x00000000eab00000,0x00000000eb600000,0x00000000eb600000)
  from space 3072K, 0% used [0x00000000eb600000,0x00000000eb600000,0x00000000eb900000)
  to   space 2048K, 0% used [0x00000000eba80000,0x00000000eba80000,0x00000000ebc80000)
 ParOldGen       total 120320K, used 120311K [0x00000000c0000000, 0x00000000c7580000, 0x00000000eab00000)
  object space 120320K, 99% used [0x00000000c0000000,0x00000000c757dde8,0x00000000c7580000)
 Metaspace       used 54114K, committed 55168K, reserved 1114112K
  class space    used 5817K, committed 6272K, reserved 1048576K
}
Event: 65.727 GC heap before
{Heap before GC invocations=1981 (full 1932):
 PSYoungGen      total 14336K, used 11264K [0x00000000eab00000, 0x00000000ebc80000, 0x0000000100000000)
  eden space 11264K, 100% used [0x00000000eab00000,0x00000000eb600000,0x00000000eb600000)
  from space 3072K, 0% used [0x00000000eb600000,0x00000000eb600000,0x00000000eb900000)
  to   space 2048K, 0% used [0x00000000eba80000,0x00000000eba80000,0x00000000ebc80000)
 ParOldGen       total 120320K, used 120315K [0x00000000c0000000, 0x00000000c7580000, 0x00000000eab00000)
  object space 120320K, 99% used [0x00000000c0000000,0x00000000c757ec28,0x00000000c7580000)
 Metaspace       used 54114K, committed 55168K, reserved 1114112K
  class space    used 5817K, committed 6272K, reserved 1048576K
}
Event: 65.760 GC heap after
{Heap after GC invocations=1981 (full 1932):
 PSYoungGen      total 13312K, used 11264K [0x00000000eab00000, 0x00000000ebc80000, 0x0000000100000000)
  eden space 11264K, 100% used [0x00000000eab00000,0x00000000eb600000,0x00000000eb600000)
  from space 2048K, 0% used [0x00000000eba80000,0x00000000eba80000,0x00000000ebc80000)
  to   space 3072K, 0% used [0x00000000eb600000,0x00000000eb600000,0x00000000eb900000)
 ParOldGen       total 120320K, used 120311K [0x00000000c0000000, 0x00000000c7580000, 0x00000000eab00000)
  object space 120320K, 99% used [0x00000000c0000000,0x00000000c757de80,0x00000000c7580000)
 Metaspace       used 54114K, committed 55168K, reserved 1114112K
  class space    used 5817K, committed 6272K, reserved 1048576K
}
Event: 65.760 GC heap before
{Heap before GC invocations=1982 (full 1933):
 PSYoungGen      total 13312K, used 11264K [0x00000000eab00000, 0x00000000ebc80000, 0x0000000100000000)
  eden space 11264K, 100% used [0x00000000eab00000,0x00000000eb600000,0x00000000eb600000)
  from space 2048K, 0% used [0x00000000eba80000,0x00000000eba80000,0x00000000ebc80000)
  to   space 3072K, 0% used [0x00000000eb600000,0x00000000eb600000,0x00000000eb900000)
 ParOldGen       total 120320K, used 120314K [0x00000000c0000000, 0x00000000c7580000, 0x00000000eab00000)
  object space 120320K, 99% used [0x00000000c0000000,0x00000000c757e980,0x00000000c7580000)
 Metaspace       used 54114K, committed 55168K, reserved 1114112K
  class space    used 5817K, committed 6272K, reserved 1048576K
}
Event: 65.790 GC heap after
{Heap after GC invocations=1982 (full 1933):
 PSYoungGen      total 14336K, used 11264K [0x00000000eab00000, 0x00000000ebc80000, 0x0000000100000000)
  eden space 11264K, 100% used [0x00000000eab00000,0x00000000eb600000,0x00000000eb600000)
  from space 3072K, 0% used [0x00000000eb600000,0x00000000eb600000,0x00000000eb900000)
  to   space 2048K, 0% used [0x00000000eba80000,0x00000000eba80000,0x00000000ebc80000)
 ParOldGen       total 120320K, used 120306K [0x00000000c0000000, 0x00000000c7580000, 0x00000000eab00000)
  object space 120320K, 99% used [0x00000000c0000000,0x00000000c757c888,0x00000000c7580000)
 Metaspace       used 54114K, committed 55168K, reserved 1114112K
  class space    used 5817K, committed 6272K, reserved 1048576K
}
Event: 65.791 GC heap before
{Heap before GC invocations=1983 (full 1934):
 PSYoungGen      total 14336K, used 11264K [0x00000000eab00000, 0x00000000ebc80000, 0x0000000100000000)
  eden space 11264K, 100% used [0x00000000eab00000,0x00000000eb600000,0x00000000eb600000)
  from space 3072K, 0% used [0x00000000eb600000,0x00000000eb600000,0x00000000eb900000)
  to   space 2048K, 0% used [0x00000000eba80000,0x00000000eba80000,0x00000000ebc80000)
 ParOldGen       total 120320K, used 120316K [0x00000000c0000000, 0x00000000c7580000, 0x00000000eab00000)
  object space 120320K, 99% used [0x00000000c0000000,0x00000000c757f250,0x00000000c7580000)
 Metaspace       used 54114K, committed 55168K, reserved 1114112K
  class space    used 5817K, committed 6272K, reserved 1048576K
}
Event: 65.822 GC heap after
{Heap after GC invocations=1983 (full 1934):
 PSYoungGen      total 13312K, used 11264K [0x00000000eab00000, 0x00000000ebc80000, 0x0000000100000000)
  eden space 11264K, 100% used [0x00000000eab00000,0x00000000eb600000,0x00000000eb600000)
  from space 2048K, 0% used [0x00000000eba80000,0x00000000eba80000,0x00000000ebc80000)
  to   space 3072K, 0% used [0x00000000eb600000,0x00000000eb600000,0x00000000eb900000)
 ParOldGen       total 120320K, used 120314K [0x00000000c0000000, 0x00000000c7580000, 0x00000000eab00000)
  object space 120320K, 99% used [0x00000000c0000000,0x00000000c757eb58,0x00000000c7580000)
 Metaspace       used 54114K, committed 55168K, reserved 1114112K
  class space    used 5817K, committed 6272K, reserved 1048576K
}
Event: 65.823 GC heap before
{Heap before GC invocations=1984 (full 1935):
 PSYoungGen      total 13312K, used 11264K [0x00000000eab00000, 0x00000000ebc80000, 0x0000000100000000)
  eden space 11264K, 100% used [0x00000000eab00000,0x00000000eb600000,0x00000000eb600000)
  from space 2048K, 0% used [0x00000000eba80000,0x00000000eba80000,0x00000000ebc80000)
  to   space 3072K, 0% used [0x00000000eb600000,0x00000000eb600000,0x00000000eb900000)
 ParOldGen       total 120832K, used 120332K [0x00000000c0000000, 0x00000000c7600000, 0x00000000eab00000)
  object space 120832K, 99% used [0x00000000c0000000,0x00000000c7583188,0x00000000c7600000)
 Metaspace       used 54114K, committed 55168K, reserved 1114112K
  class space    used 5817K, committed 6272K, reserved 1048576K
}
Event: 65.853 GC heap after
{Heap after GC invocations=1984 (full 1935):
 PSYoungGen      total 14336K, used 11264K [0x00000000eab00000, 0x00000000ebc80000, 0x0000000100000000)
  eden space 11264K, 100% used [0x00000000eab00000,0x00000000eb600000,0x00000000eb600000)
  from space 3072K, 0% used [0x00000000eb600000,0x00000000eb600000,0x00000000eb900000)
  to   space 2048K, 0% used [0x00000000eba80000,0x00000000eba80000,0x00000000ebc80000)
 ParOldGen       total 120832K, used 120315K [0x00000000c0000000, 0x00000000c7600000, 0x00000000eab00000)
  object space 120832K, 99% used [0x00000000c0000000,0x00000000c757ec10,0x00000000c7600000)
 Metaspace       used 54114K, committed 55168K, reserved 1114112K
  class space    used 5817K, committed 6272K, reserved 1048576K
}
Event: 65.853 GC heap before
{Heap before GC invocations=1985 (full 1936):
 PSYoungGen      total 14336K, used 11264K [0x00000000eab00000, 0x00000000ebc80000, 0x0000000100000000)
  eden space 11264K, 100% used [0x00000000eab00000,0x00000000eb600000,0x00000000eb600000)
  from space 3072K, 0% used [0x00000000eb600000,0x00000000eb600000,0x00000000eb900000)
  to   space 2048K, 0% used [0x00000000eba80000,0x00000000eba80000,0x00000000ebc80000)
 ParOldGen       total 120832K, used 120320K [0x00000000c0000000, 0x00000000c7600000, 0x00000000eab00000)
  object space 120832K, 99% used [0x00000000c0000000,0x00000000c7580010,0x00000000c7600000)
 Metaspace       used 54114K, committed 55168K, reserved 1114112K
  class space    used 5817K, committed 6272K, reserved 1048576K
}
Event: 65.882 GC heap after
{Heap after GC invocations=1985 (full 1936):
 PSYoungGen      total 13312K, used 11264K [0x00000000eab00000, 0x00000000ebc80000, 0x0000000100000000)
  eden space 11264K, 100% used [0x00000000eab00000,0x00000000eb600000,0x00000000eb600000)
  from space 2048K, 0% used [0x00000000eba80000,0x00000000eba80000,0x00000000ebc80000)
  to   space 3072K, 0% used [0x00000000eb600000,0x00000000eb600000,0x00000000eb900000)
 ParOldGen       total 120832K, used 120318K [0x00000000c0000000, 0x00000000c7600000, 0x00000000eab00000)
  object space 120832K, 99% used [0x00000000c0000000,0x00000000c757fae8,0x00000000c7600000)
 Metaspace       used 54114K, committed 55168K, reserved 1114112K
  class space    used 5817K, committed 6272K, reserved 1048576K
}
Event: 65.883 GC heap before
{Heap before GC invocations=1986 (full 1937):
 PSYoungGen      total 13312K, used 11264K [0x00000000eab00000, 0x00000000ebc80000, 0x0000000100000000)
  eden space 11264K, 100% used [0x00000000eab00000,0x00000000eb600000,0x00000000eb600000)
  from space 2048K, 0% used [0x00000000eba80000,0x00000000eba80000,0x00000000ebc80000)
  to   space 3072K, 0% used [0x00000000eb600000,0x00000000eb600000,0x00000000eb900000)
 ParOldGen       total 120832K, used 120321K [0x00000000c0000000, 0x00000000c7600000, 0x00000000eab00000)
  object space 120832K, 99% used [0x00000000c0000000,0x00000000c7580630,0x00000000c7600000)
 Metaspace       used 54114K, committed 55168K, reserved 1114112K
  class space    used 5817K, committed 6272K, reserved 1048576K
}
Event: 65.913 GC heap after
{Heap after GC invocations=1986 (full 1937):
 PSYoungGen      total 14336K, used 11264K [0x00000000eab00000, 0x00000000ebc80000, 0x0000000100000000)
  eden space 11264K, 100% used [0x00000000eab00000,0x00000000eb600000,0x00000000eb600000)
  from space 3072K, 0% used [0x00000000eb600000,0x00000000eb600000,0x00000000eb900000)
  to   space 2048K, 0% used [0x00000000eba80000,0x00000000eba80000,0x00000000ebc80000)
 ParOldGen       total 120832K, used 120320K [0x00000000c0000000, 0x00000000c7600000, 0x00000000eab00000)
  object space 120832K, 99% used [0x00000000c0000000,0x00000000c75800a0,0x00000000c7600000)
 Metaspace       used 54114K, committed 55168K, reserved 1114112K
  class space    used 5817K, committed 6272K, reserved 1048576K
}
Event: 65.913 GC heap before
{Heap before GC invocations=1987 (full 1938):
 PSYoungGen      total 14336K, used 11264K [0x00000000eab00000, 0x00000000ebc80000, 0x0000000100000000)
  eden space 11264K, 100% used [0x00000000eab00000,0x00000000eb600000,0x00000000eb600000)
  from space 3072K, 0% used [0x00000000eb600000,0x00000000eb600000,0x00000000eb900000)
  to   space 2048K, 0% used [0x00000000eba80000,0x00000000eba80000,0x00000000ebc80000)
 ParOldGen       total 120832K, used 120323K [0x00000000c0000000, 0x00000000c7600000, 0x00000000eab00000)
  object space 120832K, 99% used [0x00000000c0000000,0x00000000c7580c18,0x00000000c7600000)
 Metaspace       used 54114K, committed 55168K, reserved 1114112K
  class space    used 5817K, committed 6272K, reserved 1048576K
}
Event: 65.943 GC heap after
{Heap after GC invocations=1987 (full 1938):
 PSYoungGen      total 13312K, used 11264K [0x00000000eab00000, 0x00000000ebc80000, 0x0000000100000000)
  eden space 11264K, 100% used [0x00000000eab00000,0x00000000eb600000,0x00000000eb600000)
  from space 2048K, 0% used [0x00000000eba80000,0x00000000eba80000,0x00000000ebc80000)
  to   space 3072K, 0% used [0x00000000eb600000,0x00000000eb600000,0x00000000eb900000)
 ParOldGen       total 120832K, used 120321K [0x00000000c0000000, 0x00000000c7600000, 0x00000000eab00000)
  object space 120832K, 99% used [0x00000000c0000000,0x00000000c7580548,0x00000000c7600000)
 Metaspace       used 54114K, committed 55168K, reserved 1114112K
  class space    used 5817K, committed 6272K, reserved 1048576K
}
Event: 65.943 GC heap before
{Heap before GC invocations=1988 (full 1939):
 PSYoungGen      total 13312K, used 11264K [0x00000000eab00000, 0x00000000ebc80000, 0x0000000100000000)
  eden space 11264K, 100% used [0x00000000eab00000,0x00000000eb600000,0x00000000eb600000)
  from space 2048K, 0% used [0x00000000eba80000,0x00000000eba80000,0x00000000ebc80000)
  to   space 3072K, 0% used [0x00000000eb600000,0x00000000eb600000,0x00000000eb900000)
 ParOldGen       total 120832K, used 120324K [0x00000000c0000000, 0x00000000c7600000, 0x00000000eab00000)
  object space 120832K, 99% used [0x00000000c0000000,0x00000000c75810d0,0x00000000c7600000)
 Metaspace       used 54114K, committed 55168K, reserved 1114112K
  class space    used 5817K, committed 6272K, reserved 1048576K
}
Event: 65.975 GC heap after
{Heap after GC invocations=1988 (full 1939):
 PSYoungGen      total 14336K, used 11264K [0x00000000eab00000, 0x00000000ebc80000, 0x0000000100000000)
  eden space 11264K, 100% used [0x00000000eab00000,0x00000000eb600000,0x00000000eb600000)
  from space 3072K, 0% used [0x00000000eb600000,0x00000000eb600000,0x00000000eb900000)
  to   space 2048K, 0% used [0x00000000eba80000,0x00000000eba80000,0x00000000ebc80000)
 ParOldGen       total 699392K, used 120322K [0x00000000c0000000, 0x00000000eab00000, 0x00000000eab00000)
  object space 699392K, 17% used [0x00000000c0000000,0x00000000c7580a18,0x00000000eab00000)
 Metaspace       used 54114K, committed 55168K, reserved 1114112K
  class space    used 5817K, committed 6272K, reserved 1048576K
}
Event: 65.975 GC heap before
{Heap before GC invocations=1989 (full 1939):
 PSYoungGen      total 14336K, used 11264K [0x00000000eab00000, 0x00000000ebc80000, 0x0000000100000000)
  eden space 11264K, 100% used [0x00000000eab00000,0x00000000eb600000,0x00000000eb600000)
  from space 3072K, 0% used [0x00000000eb600000,0x00000000eb600000,0x00000000eb900000)
  to   space 2048K, 0% used [0x00000000eba80000,0x00000000eba80000,0x00000000ebc80000)
 ParOldGen       total 699392K, used 120325K [0x00000000c0000000, 0x00000000eab00000, 0x00000000eab00000)
  object space 699392K, 17% used [0x00000000c0000000,0x00000000c7581600,0x00000000eab00000)
 Metaspace       used 54114K, committed 55168K, reserved 1114112K
  class space    used 5817K, committed 6272K, reserved 1048576K
}
Event: 65.981 GC heap after
{Heap after GC invocations=1989 (full 1939):
 PSYoungGen      total 13312K, used 2035K [0x00000000eab00000, 0x00000000ebc80000, 0x0000000100000000)
  eden space 11264K, 0% used [0x00000000eab00000,0x00000000eab00000,0x00000000eb600000)
  from space 2048K, 99% used [0x00000000eba80000,0x00000000ebc7cdc8,0x00000000ebc80000)
  to   space 3072K, 0% used [0x00000000eb600000,0x00000000eb600000,0x00000000eb900000)
 ParOldGen       total 699392K, used 129947K [0x00000000c0000000, 0x00000000eab00000, 0x00000000eab00000)
  object space 699392K, 18% used [0x00000000c0000000,0x00000000c7ee6e38,0x00000000eab00000)
 Metaspace       used 54114K, committed 55168K, reserved 1114112K
  class space    used 5817K, committed 6272K, reserved 1048576K
}

