# JRE version: OpenJDK Runtime Environment Temurin-17.0.10+7 (17.0.10+7) (build 17.0.10+7)
# Java VM: OpenJDK 64-Bit Server VM Temurin-17.0.10+7 (17.0.10+7, mixed mode, tiered, compressed oops, compressed class ptrs, parallel gc, windows-amd64)
GC Precious Log:
 CPUs: 16 total, 16 available
 Memory: 16085M
 Large Page Support: Disabled
 NUMA Support: Disabled
 Compressed Oops: Enabled (32-bit)
 Alignments: Space 512K, Generation 512K, Heap 2M
 Heap Min Capacity: 100M
 Heap Initial Capacity: 100M
 Heap Max Capacity: 1G
 Pre-touch: Disabled
 Parallel Workers: 13
Heap:
 PSYoungGen      total 23040K, used 1524K [0x00000000eab00000, 0x00000000ec380000, 0x0000000100000000)
  eden space 22016K, 4% used [0x00000000eab00000,0x00000000eabdd050,0x00000000ec080000)
  from space 1024K, 62% used [0x00000000ec180000,0x00000000ec220020,0x00000000ec280000)
  to   space 1024K, 0% used [0x00000000ec280000,0x00000000ec280000,0x00000000ec380000)
 ParOldGen       total 68608K, used 26849K [0x00000000c0000000, 0x00000000c4300000, 0x00000000eab00000)
  object space 68608K, 39% used [0x00000000c0000000,0x00000000c1a38620,0x00000000c4300000)
 Metaspace       used 42249K, committed 42944K, reserved 1114112K
  class space    used 4277K, committed 4608K, reserved 1048576K
GC Heap History (20 events):
Event: 2.676 GC heap before
{Heap before GC invocations=9 (full 1):
 PSYoungGen      total 26624K, used 26594K [0x00000000eab00000, 0x00000000ecc80000, 0x0000000100000000)
  eden space 24064K, 100% used [0x00000000eab00000,0x00000000ec280000,0x00000000ec280000)
  from space 2560K, 98% used [0x00000000ec300000,0x00000000ec578bb0,0x00000000ec580000)
  to   space 5120K, 0% used [0x00000000ec780000,0x00000000ec780000,0x00000000ecc80000)
 ParOldGen       total 68608K, used 9456K [0x00000000c0000000, 0x00000000c4300000, 0x00000000eab00000)
  object space 68608K, 13% used [0x00000000c0000000,0x00000000c093c090,0x00000000c4300000)
 Metaspace       used 34943K, committed 35520K, reserved 1114112K
  class space    used 3510K, committed 3776K, reserved 1048576K
}
Event: 2.678 GC heap after
{Heap after GC invocations=9 (full 1):
 PSYoungGen      total 28160K, used 4133K [0x00000000eab00000, 0x00000000ecc00000, 0x0000000100000000)
  eden space 23552K, 0% used [0x00000000eab00000,0x00000000eab00000,0x00000000ec200000)
  from space 4608K, 89% used [0x00000000ec780000,0x00000000ecb89608,0x00000000ecc00000)
  to   space 4608K, 0% used [0x00000000ec300000,0x00000000ec300000,0x00000000ec780000)
 ParOldGen       total 68608K, used 9464K [0x00000000c0000000, 0x00000000c4300000, 0x00000000eab00000)
  object space 68608K, 13% used [0x00000000c0000000,0x00000000c093e090,0x00000000c4300000)
 Metaspace       used 34943K, committed 35520K, reserved 1114112K
  class space    used 3510K, committed 3776K, reserved 1048576K
}
Event: 2.697 GC heap before
{Heap before GC invocations=10 (full 1):
 PSYoungGen      total 28160K, used 6573K [0x00000000eab00000, 0x00000000ecc00000, 0x0000000100000000)
  eden space 23552K, 10% used [0x00000000eab00000,0x00000000ead61e80,0x00000000ec200000)
  from space 4608K, 89% used [0x00000000ec780000,0x00000000ecb89608,0x00000000ecc00000)
  to   space 4608K, 0% used [0x00000000ec300000,0x00000000ec300000,0x00000000ec780000)
 ParOldGen       total 68608K, used 9464K [0x00000000c0000000, 0x00000000c4300000, 0x00000000eab00000)
  object space 68608K, 13% used [0x00000000c0000000,0x00000000c093e090,0x00000000c4300000)
 Metaspace       used 35267K, committed 35840K, reserved 1114112K
  class space    used 3552K, committed 3840K, reserved 1048576K
}
Event: 2.699 GC heap after
{Heap after GC invocations=10 (full 1):
 PSYoungGen      total 27648K, used 3764K [0x00000000eab00000, 0x00000000eca00000, 0x0000000100000000)
  eden space 23552K, 0% used [0x00000000eab00000,0x00000000eab00000,0x00000000ec200000)
  from space 4096K, 91% used [0x00000000ec300000,0x00000000ec6ad1c8,0x00000000ec700000)
  to   space 3072K, 0% used [0x00000000ec700000,0x00000000ec700000,0x00000000eca00000)
 ParOldGen       total 68608K, used 10308K [0x00000000c0000000, 0x00000000c4300000, 0x00000000eab00000)
  object space 68608K, 15% used [0x00000000c0000000,0x00000000c0a110d8,0x00000000c4300000)
 Metaspace       used 35267K, committed 35840K, reserved 1114112K
  class space    used 3552K, committed 3840K, reserved 1048576K
}
Event: 2.699 GC heap before
{Heap before GC invocations=11 (full 2):
 PSYoungGen      total 27648K, used 3764K [0x00000000eab00000, 0x00000000eca00000, 0x0000000100000000)
  eden space 23552K, 0% used [0x00000000eab00000,0x00000000eab00000,0x00000000ec200000)
  from space 4096K, 91% used [0x00000000ec300000,0x00000000ec6ad1c8,0x00000000ec700000)
  to   space 3072K, 0% used [0x00000000ec700000,0x00000000ec700000,0x00000000eca00000)
 ParOldGen       total 68608K, used 10308K [0x00000000c0000000, 0x00000000c4300000, 0x00000000eab00000)
  object space 68608K, 15% used [0x00000000c0000000,0x00000000c0a110d8,0x00000000c4300000)
 Metaspace       used 35267K, committed 35840K, reserved 1114112K
  class space    used 3552K, committed 3840K, reserved 1048576K
}
Event: 2.709 GC heap after
{Heap after GC invocations=11 (full 2):
 PSYoungGen      total 27648K, used 0K [0x00000000eab00000, 0x00000000eca00000, 0x0000000100000000)
  eden space 23552K, 0% used [0x00000000eab00000,0x00000000eab00000,0x00000000ec200000)
  from space 4096K, 0% used [0x00000000ec300000,0x00000000ec300000,0x00000000ec700000)
  to   space 3072K, 0% used [0x00000000ec700000,0x00000000ec700000,0x00000000eca00000)
 ParOldGen       total 68608K, used 12800K [0x00000000c0000000, 0x00000000c4300000, 0x00000000eab00000)
  object space 68608K, 18% used [0x00000000c0000000,0x00000000c0c80250,0x00000000c4300000)
 Metaspace       used 35267K, committed 35840K, reserved 1114112K
  class space    used 3552K, committed 3840K, reserved 1048576K
}
Event: 2.840 GC heap before
{Heap before GC invocations=12 (full 2):
 PSYoungGen      total 27648K, used 23552K [0x00000000eab00000, 0x00000000eca00000, 0x0000000100000000)
  eden space 23552K, 100% used [0x00000000eab00000,0x00000000ec200000,0x00000000ec200000)
  from space 4096K, 0% used [0x00000000ec300000,0x00000000ec300000,0x00000000ec700000)
  to   space 3072K, 0% used [0x00000000ec700000,0x00000000ec700000,0x00000000eca00000)
 ParOldGen       total 68608K, used 12800K [0x00000000c0000000, 0x00000000c4300000, 0x00000000eab00000)
  object space 68608K, 18% used [0x00000000c0000000,0x00000000c0c80250,0x00000000c4300000)
 Metaspace       used 36801K, committed 37504K, reserved 1114112K
  class space    used 3731K, committed 4032K, reserved 1048576K
}
Event: 2.841 GC heap after
{Heap after GC invocations=12 (full 2):
 PSYoungGen      total 25600K, used 2304K [0x00000000eab00000, 0x00000000ec980000, 0x0000000100000000)
  eden space 23040K, 0% used [0x00000000eab00000,0x00000000eab00000,0x00000000ec180000)
  from space 2560K, 90% used [0x00000000ec700000,0x00000000ec940040,0x00000000ec980000)
  to   space 3072K, 0% used [0x00000000ec380000,0x00000000ec380000,0x00000000ec680000)
 ParOldGen       total 68608K, used 12808K [0x00000000c0000000, 0x00000000c4300000, 0x00000000eab00000)
  object space 68608K, 18% used [0x00000000c0000000,0x00000000c0c82250,0x00000000c4300000)
 Metaspace       used 36801K, committed 37504K, reserved 1114112K
  class space    used 3731K, committed 4032K, reserved 1048576K
}
Event: 2.909 GC heap before
{Heap before GC invocations=13 (full 2):
 PSYoungGen      total 25600K, used 25344K [0x00000000eab00000, 0x00000000ec980000, 0x0000000100000000)
  eden space 23040K, 100% used [0x00000000eab00000,0x00000000ec180000,0x00000000ec180000)
  from space 2560K, 90% used [0x00000000ec700000,0x00000000ec940040,0x00000000ec980000)
  to   space 3072K, 0% used [0x00000000ec380000,0x00000000ec380000,0x00000000ec680000)
 ParOldGen       total 68608K, used 12808K [0x00000000c0000000, 0x00000000c4300000, 0x00000000eab00000)
  object space 68608K, 18% used [0x00000000c0000000,0x00000000c0c82250,0x00000000c4300000)
 Metaspace       used 37002K, committed 37696K, reserved 1114112K
  class space    used 3750K, committed 4096K, reserved 1048576K
}
Event: 2.911 GC heap after
{Heap after GC invocations=13 (full 2):
 PSYoungGen      total 25088K, used 2400K [0x00000000eab00000, 0x00000000ec780000, 0x0000000100000000)
  eden space 22528K, 0% used [0x00000000eab00000,0x00000000eab00000,0x00000000ec100000)
  from space 2560K, 93% used [0x00000000ec380000,0x00000000ec5d8010,0x00000000ec600000)
  to   space 1536K, 0% used [0x00000000ec600000,0x00000000ec600000,0x00000000ec780000)
 ParOldGen       total 68608K, used 14851K [0x00000000c0000000, 0x00000000c4300000, 0x00000000eab00000)
  object space 68608K, 21% used [0x00000000c0000000,0x00000000c0e80c20,0x00000000c4300000)
 Metaspace       used 37002K, committed 37696K, reserved 1114112K
  class space    used 3750K, committed 4096K, reserved 1048576K
}
Event: 2.957 GC heap before
{Heap before GC invocations=14 (full 2):
 PSYoungGen      total 25088K, used 24928K [0x00000000eab00000, 0x00000000ec780000, 0x0000000100000000)
  eden space 22528K, 100% used [0x00000000eab00000,0x00000000ec100000,0x00000000ec100000)
  from space 2560K, 93% used [0x00000000ec380000,0x00000000ec5d8010,0x00000000ec600000)
  to   space 1536K, 0% used [0x00000000ec600000,0x00000000ec600000,0x00000000ec780000)
 ParOldGen       total 68608K, used 14851K [0x00000000c0000000, 0x00000000c4300000, 0x00000000eab00000)
  object space 68608K, 21% used [0x00000000c0000000,0x00000000c0e80c20,0x00000000c4300000)
 Metaspace       used 37069K, committed 37760K, reserved 1114112K
  class space    used 3762K, committed 4096K, reserved 1048576K
}
Event: 2.960 GC heap after
{Heap after GC invocations=14 (full 2):
 PSYoungGen      total 23552K, used 1536K [0x00000000eab00000, 0x00000000eca80000, 0x0000000100000000)
  eden space 22016K, 0% used [0x00000000eab00000,0x00000000eab00000,0x00000000ec080000)
  from space 1536K, 100% used [0x00000000ec600000,0x00000000ec780000,0x00000000ec780000)
  to   space 5120K, 0% used [0x00000000ec080000,0x00000000ec080000,0x00000000ec580000)
 ParOldGen       total 68608K, used 17771K [0x00000000c0000000, 0x00000000c4300000, 0x00000000eab00000)
  object space 68608K, 25% used [0x00000000c0000000,0x00000000c115ac30,0x00000000c4300000)
 Metaspace       used 37069K, committed 37760K, reserved 1114112K
  class space    used 3762K, committed 4096K, reserved 1048576K
}
Event: 2.989 GC heap before
{Heap before GC invocations=15 (full 2):
 PSYoungGen      total 23552K, used 23552K [0x00000000eab00000, 0x00000000eca80000, 0x0000000100000000)
  eden space 22016K, 100% used [0x00000000eab00000,0x00000000ec080000,0x00000000ec080000)
  from space 1536K, 100% used [0x00000000ec600000,0x00000000ec780000,0x00000000ec780000)
  to   space 5120K, 0% used [0x00000000ec080000,0x00000000ec080000,0x00000000ec580000)
 ParOldGen       total 68608K, used 17771K [0x00000000c0000000, 0x00000000c4300000, 0x00000000eab00000)
  object space 68608K, 25% used [0x00000000c0000000,0x00000000c115ac30,0x00000000c4300000)
 Metaspace       used 37069K, committed 37760K, reserved 1114112K
  class space    used 3762K, committed 4096K, reserved 1048576K
}
Event: 2.992 GC heap after
{Heap after GC invocations=15 (full 2):
 PSYoungGen      total 25088K, used 2592K [0x00000000eab00000, 0x00000000ec780000, 0x0000000100000000)
  eden space 22016K, 0% used [0x00000000eab00000,0x00000000eab00000,0x00000000ec080000)
  from space 3072K, 84% used [0x00000000ec080000,0x00000000ec308000,0x00000000ec380000)
  to   space 3584K, 0% used [0x00000000ec400000,0x00000000ec400000,0x00000000ec780000)
 ParOldGen       total 68608K, used 19347K [0x00000000c0000000, 0x00000000c4300000, 0x00000000eab00000)
  object space 68608K, 28% used [0x00000000c0000000,0x00000000c12e4ea0,0x00000000c4300000)
 Metaspace       used 37069K, committed 37760K, reserved 1114112K
  class space    used 3762K, committed 4096K, reserved 1048576K
}
Event: 3.020 GC heap before
{Heap before GC invocations=16 (full 2):
 PSYoungGen      total 25088K, used 24608K [0x00000000eab00000, 0x00000000ec780000, 0x0000000100000000)
  eden space 22016K, 100% used [0x00000000eab00000,0x00000000ec080000,0x00000000ec080000)
  from space 3072K, 84% used [0x00000000ec080000,0x00000000ec308000,0x00000000ec380000)
  to   space 3584K, 0% used [0x00000000ec400000,0x00000000ec400000,0x00000000ec780000)
 ParOldGen       total 68608K, used 19347K [0x00000000c0000000, 0x00000000c4300000, 0x00000000eab00000)
  object space 68608K, 28% used [0x00000000c0000000,0x00000000c12e4ea0,0x00000000c4300000)
 Metaspace       used 37069K, committed 37760K, reserved 1114112K
  class space    used 3762K, committed 4096K, reserved 1048576K
}
Event: 3.023 GC heap after
{Heap after GC invocations=16 (full 2):
 PSYoungGen      total 25088K, used 2624K [0x00000000eab00000, 0x00000000ec700000, 0x0000000100000000)
  eden space 22016K, 0% used [0x00000000eab00000,0x00000000eab00000,0x00000000ec080000)
  from space 3072K, 85% used [0x00000000ec400000,0x00000000ec690010,0x00000000ec700000)
  to   space 3072K, 0% used [0x00000000ec080000,0x00000000ec080000,0x00000000ec380000)
 ParOldGen       total 68608K, used 21787K [0x00000000c0000000, 0x00000000c4300000, 0x00000000eab00000)
  object space 68608K, 31% used [0x00000000c0000000,0x00000000c1546ea0,0x00000000c4300000)
 Metaspace       used 37069K, committed 37760K, reserved 1114112K
  class space    used 3762K, committed 4096K, reserved 1048576K
}
Event: 3.238 GC heap before
{Heap before GC invocations=17 (full 2):
 PSYoungGen      total 25088K, used 24634K [0x00000000eab00000, 0x00000000ec700000, 0x0000000100000000)
  eden space 22016K, 99% used [0x00000000eab00000,0x00000000ec07e918,0x00000000ec080000)
  from space 3072K, 85% used [0x00000000ec400000,0x00000000ec690010,0x00000000ec700000)
  to   space 3072K, 0% used [0x00000000ec080000,0x00000000ec080000,0x00000000ec380000)
 ParOldGen       total 68608K, used 21787K [0x00000000c0000000, 0x00000000c4300000, 0x00000000eab00000)
  object space 68608K, 31% used [0x00000000c0000000,0x00000000c1546ea0,0x00000000c4300000)
 Metaspace       used 39062K, committed 39808K, reserved 1114112K
  class space    used 3974K, committed 4352K, reserved 1048576K
}
Event: 3.241 GC heap after
{Heap after GC invocations=17 (full 2):
 PSYoungGen      total 24064K, used 1920K [0x00000000eab00000, 0x00000000ec580000, 0x0000000100000000)
  eden space 22016K, 0% used [0x00000000eab00000,0x00000000eab00000,0x00000000ec080000)
  from space 2048K, 93% used [0x00000000ec080000,0x00000000ec260000,0x00000000ec280000)
  to   space 2560K, 0% used [0x00000000ec300000,0x00000000ec300000,0x00000000ec580000)
 ParOldGen       total 68608K, used 24214K [0x00000000c0000000, 0x00000000c4300000, 0x00000000eab00000)
  object space 68608K, 35% used [0x00000000c0000000,0x00000000c17a5a88,0x00000000c4300000)
 Metaspace       used 39062K, committed 39808K, reserved 1114112K
  class space    used 3974K, committed 4352K, reserved 1048576K
}
Event: 3.394 GC heap before
{Heap before GC invocations=18 (full 2):
 PSYoungGen      total 24064K, used 23936K [0x00000000eab00000, 0x00000000ec580000, 0x0000000100000000)
  eden space 22016K, 100% used [0x00000000eab00000,0x00000000ec080000,0x00000000ec080000)
  from space 2048K, 93% used [0x00000000ec080000,0x00000000ec260000,0x00000000ec280000)
  to   space 2560K, 0% used [0x00000000ec300000,0x00000000ec300000,0x00000000ec580000)
 ParOldGen       total 68608K, used 24214K [0x00000000c0000000, 0x00000000c4300000, 0x00000000eab00000)
  object space 68608K, 35% used [0x00000000c0000000,0x00000000c17a5a88,0x00000000c4300000)
 Metaspace       used 40689K, committed 41472K, reserved 1114112K
  class space    used 4127K, committed 4480K, reserved 1048576K
}
Event: 3.395 GC heap after
{Heap after GC invocations=18 (full 2):
 PSYoungGen      total 23552K, used 1080K [0x00000000eab00000, 0x00000000ec480000, 0x0000000100000000)
  eden space 22016K, 0% used [0x00000000eab00000,0x00000000eab00000,0x00000000ec080000)
  from space 1536K, 70% used [0x00000000ec300000,0x00000000ec40e248,0x00000000ec480000)
  to   space 1536K, 0% used [0x00000000ec180000,0x00000000ec180000,0x00000000ec300000)
 ParOldGen       total 68608K, used 25918K [0x00000000c0000000, 0x00000000c4300000, 0x00000000eab00000)
  object space 68608K, 37% used [0x00000000c0000000,0x00000000c194fa98,0x00000000c4300000)
 Metaspace       used 40689K, committed 41472K, reserved 1114112K
  class space    used 4127K, committed 4480K, reserved 1048576K
}

